<?xml version="1.0" encoding="UTF-8"?>
<testng-results skipped="0" failed="0" total="2" passed="2">
  <reporter-output>
  </reporter-output>
  <suite name="Default suite" duration-ms="553" started-at="2016-08-13T13:12:51Z" finished-at="2016-08-13T13:12:52Z">
    <groups>
    </groups>
    <test name="Default test" duration-ms="553" started-at="2016-08-13T13:12:51Z" finished-at="2016-08-13T13:12:52Z">
      <class name="com.mavenjenkns.com.MavenJenkins">
        <test-method status="PASS" signature="MavenJenkinsMethod_Pass()[pri:1, instance:com.mavenjenkns.com.MavenJenkins@2d6eabae]" name="MavenJenkinsMethod_Pass" duration-ms="19" started-at="2016-08-13T18:42:51Z" finished-at="2016-08-13T18:42:51Z">
          <reporter-output>
          </reporter-output>
        </test-method> <!-- MavenJenkinsMethod_Pass -->
        <test-method status="PASS" signature="MavenJenkinsMethod_Fail()[pri:2, instance:com.mavenjenkns.com.MavenJenkins@2d6eabae]" name="MavenJenkinsMethod_Fail" duration-ms="506" started-at="2016-08-13T18:42:51Z" finished-at="2016-08-13T18:42:52Z">
          <reporter-output>
          </reporter-output>
        </test-method> <!-- MavenJenkinsMethod_Fail -->
      </class> <!-- com.mavenjenkns.com.MavenJenkins -->
    </test> <!-- Default test -->
  </suite> <!-- Default suite -->
</testng-results>
